This file contains any messages produced by compilers while
running configure, to aid debugging if configure makes a mistake.

It was created by at configure 3.1.23, which was
generated by GNU Autoconf 2.69.  Invocation command line was

  $ ./configure --with-deamon_username=atd --with-deamon_groupname=atd

## --------- ##
## Platform. ##
## --------- ##

hostname = cPodEdge
uname -m = x86_64
uname -r = 4.19.40-2.ph3-esx
uname -s = Linux
uname -v = #1-photon SMP Thu May 23 17:43:26 UTC 2019

/usr/bin/uname -p = unknown
/bin/uname -X     = unknown

/bin/arch              = unknown
/usr/bin/arch -k       = unknown
/usr/convex/getsysinfo = unknown
/usr/bin/hostinfo      = unknown
/bin/machine           = unknown
/usr/bin/oslevel       = unknown
/bin/universe          = unknown

PATH: /usr/local/bin
PATH: /usr/bin
PATH: /bin
PATH: /usr/sbin
PATH: /sbin
PATH: /root/cPodFactory/ovftool
PATH: /root/cPodFactory


## ----------- ##
## Core tests. ##
## ----------- ##

configure:2315: checking build system type
configure:2329: result: x86_64-unknown-linux-gnu
configure:2349: checking host system type
configure:2362: result: x86_64-unknown-linux-gnu
configure:2432: checking for gcc
configure:2462: result: no
configure:2525: checking for cc
configure:2572: result: no
configure:2628: checking for cl.exe
configure:2658: result: no
configure:2682: error: in `/root/cPodFactory/install/at-package/at-3.1.23':
configure:2684: error: no acceptable C compiler found in $PATH
See `config.log' for more details

## ---------------- ##
## Cache variables. ##
## ---------------- ##

ac_cv_build=x86_64-unknown-linux-gnu
ac_cv_env_CC_set=
ac_cv_env_CC_value=
ac_cv_env_CFLAGS_set=
ac_cv_env_CFLAGS_value=
ac_cv_env_CPPFLAGS_set=
ac_cv_env_CPPFLAGS_value=
ac_cv_env_CPP_set=
ac_cv_env_CPP_value=
ac_cv_env_LDFLAGS_set=
ac_cv_env_LDFLAGS_value=
ac_cv_env_LIBS_set=
ac_cv_env_LIBS_value=
ac_cv_env_YACC_set=
ac_cv_env_YACC_value=
ac_cv_env_YFLAGS_set=
ac_cv_env_YFLAGS_value=
ac_cv_env_build_alias_set=
ac_cv_env_build_alias_value=
ac_cv_env_host_alias_set=
ac_cv_env_host_alias_value=
ac_cv_env_target_alias_set=
ac_cv_env_target_alias_value=
ac_cv_host=x86_64-unknown-linux-gnu

## ----------------- ##
## Output variables. ##
## ----------------- ##

ATJBD=''
ATSPD=''
CC=''
CFLAGS='-O2 -g -Wall'
CPP=''
CPPFLAGS=''
DAEMON_GROUPNAME=''
DAEMON_USERNAME=''
DEFS=''
ECHO_C=''
ECHO_N='-n'
ECHO_T=''
EGREP=''
ETCDIR=''
EXEEXT=''
GETLOADAVG_LIBS=''
GREP=''
INSTALL_DATA=''
INSTALL_PROGRAM=''
INSTALL_SCRIPT=''
KMEM_GROUP=''
LDFLAGS=''
LEX=''
LEXLIB=''
LEX_OUTPUT_ROOT=''
LIBOBJS=''
LIBS=''
LN_S=''
LOADAVG_MX=''
LTLIBOBJS=''
MAIL_CMD=''
NEED_SETGID=''
OBJEXT=''
PACKAGE_BUGREPORT=''
PACKAGE_NAME='at'
PACKAGE_STRING='at 3.1.23'
PACKAGE_TARNAME='at'
PACKAGE_URL=''
PACKAGE_VERSION='3.1.23'
PAMLIB=''
PATH_SEPARATOR=':'
SELINUXLIB=''
SENDMAIL=''
SHELL='/bin/sh'
VERSION='3.1.23'
WITH_SELINUX=''
YACC=''
YFLAGS=''
ac_ct_CC=''
bindir='${exec_prefix}/bin'
build='x86_64-unknown-linux-gnu'
build_alias=''
build_cpu='x86_64'
build_os='linux-gnu'
build_vendor='unknown'
datadir='${datarootdir}'
datarootdir='${prefix}/share'
docdir='${datarootdir}/doc/${PACKAGE_TARNAME}'
dvidir='${docdir}'
exec_prefix='NONE'
host='x86_64-unknown-linux-gnu'
host_alias=''
host_cpu='x86_64'
host_os='linux-gnu'
host_vendor='unknown'
htmldir='${docdir}'
includedir='${prefix}/include'
infodir='${datarootdir}/info'
libdir='${exec_prefix}/lib'
libexecdir='${exec_prefix}/libexec'
localedir='${datarootdir}/locale'
localstatedir='${prefix}/var'
mandir='${datarootdir}/man'
oldincludedir='/usr/include'
pdfdir='${docdir}'
prefix='NONE'
program_transform_name='s,x,x,'
psdir='${docdir}'
runstatedir='${localstatedir}/run'
sbindir='${exec_prefix}/sbin'
sharedstatedir='${prefix}/com'
sysconfdir='${prefix}/etc'
systemdsystemunitdir=''
target_alias=''

## ----------- ##
## confdefs.h. ##
## ----------- ##

/* confdefs.h */
#define PACKAGE_NAME "at"
#define PACKAGE_TARNAME "at"
#define PACKAGE_VERSION "3.1.23"
#define PACKAGE_STRING "at 3.1.23"
#define PACKAGE_BUGREPORT ""
#define PACKAGE_URL ""

configure: exit 1
